<?xml version="1.0" encoding="UTF-8"?>
<testsuite xmlns:xsi="http://www.w3.org/2001/XMLSchema-instance" xsi:noNamespaceSchemaLocation="https://maven.apache.org/surefire/maven-surefire-plugin/xsd/surefire-test-report.xsd" name="com.test.springbdd.CucumberTest" time="3.03" tests="11" errors="0" skipped="0" failures="5">
  <properties>
[...]
</properties>
  <testcase name="Add a room with type #1" classname="com.test.springbdd.CucumberTest" time="2.271"/>
  <testcase name="Add a room with type #2" classname="com.test.springbdd.CucumberTest" time="0.052"/>
  <testcase name="Add a room with type #3" classname="com.test.springbdd.CucumberTest" time="0.062"/>
  <testcase name="change room type from type1 to type2 #1" classname="com.test.springbdd.CucumberTest" time="0.089">
    <failure message="JSON path &quot;type&quot; expected:&lt;double&gt; but was:&lt;individual&gt;" type="java.lang.AssertionError"><![CDATA[java.lang.AssertionError: JSON path "type" expected:<double> but was:<individual>
]]></failure>
    <system-out><![CDATA[2024-04-17 15:29:17.421  INFO 83718 --- [           main] .b.t.c.SpringBootTestContextBootstrapper : Neither @ContextConfiguration nor @ContextHierarchy found for test class [com.test.springbdd.StepDefinition], using SpringBootContextLoader
2024-04-17 15:29:17.423  INFO 83718 --- [           main] o.s.t.c.support.AbstractContextLoader    : Could not detect default resource locations for test class [com.test.springbdd.StepDefinition]: no resource found for suffixes {-context.xml, Context.groovy}.
2024-04-17 15:29:17.427  INFO 83718 --- [           main] .b.t.c.SpringBootTestContextBootstrapper : Loaded default TestExecutionListener class names from location [META-INF/spring.factories]: [org.springframework.boot.test.mock.mockito.MockitoTestExecutionListener, org.springframework.boot.test.mock.mockito.ResetMocksTestExecutionListener, org.springframework.boot.test.autoconfigure.restdocs.RestDocsTestExecutionListener, org.springframework.boot.test.autoconfigure.web.client.MockRestServiceServerResetTestExecutionListener, org.springframework.boot.test.autoconfigure.web.servlet.MockMvcPrintOnlyOnFailureTestExecutionListener, org.springframework.boot.test.autoconfigure.web.servlet.WebDriverTestExecutionListener, org.springframework.test.context.web.ServletTestExecutionListener, org.springframework.test.context.support.DirtiesContextBeforeModesTestExecutionListener, org.springframework.test.context.support.DependencyInjectionTestExecutionListener, org.springframework.test.context.support.DirtiesContextTestExecutionListener, org.springframework.test.context.transaction.TransactionalTestExecutionListener, org.springframework.test.context.jdbc.SqlScriptsTestExecutionListener, org.springframework.test.context.event.EventPublishingTestExecutionListener]
2024-04-17 15:29:17.428  INFO 83718 --- [           main] .b.t.c.SpringBootTestContextBootstrapper : Using TestExecutionListeners: [org.springframework.test.context.web.ServletTestExecutionListener@23bd0c81, org.springframework.test.context.support.DirtiesContextBeforeModesTestExecutionListener@1332dec4, org.springframework.boot.test.mock.mockito.MockitoTestExecutionListener@544e3679, org.springframework.boot.test.autoconfigure.SpringBootDependencyInjectionTestExecutionListener@6889f56f, org.springframework.test.context.support.DirtiesContextTestExecutionListener@231b35fb, org.springframework.test.context.event.EventPublishingTestExecutionListener@26da1ba2, org.springframework.boot.test.mock.mockito.ResetMocksTestExecutionListener@3820cfe, org.springframework.boot.test.autoconfigure.restdocs.RestDocsTestExecutionListener@2407a36c, org.springframework.boot.test.autoconfigure.web.client.MockRestServiceServerResetTestExecutionListener@5ec9eefa, org.springframework.boot.test.autoconfigure.web.servlet.MockMvcPrintOnlyOnFailureTestExecutionListener@28b8f98a, org.springframework.boot.test.autoconfigure.web.servlet.WebDriverTestExecutionListener@3b4ef59f]

Scenario Outline: change room type from type1 to type2          &amp#27;[90m# ///home/mike/Documents/UniversidadeÉvora/EngenhariaSoftware/spring-bdd/src/test/resources/changeRoomtype.feature:12&amp#27;[0m
2024-04-17 15:29:17.453  INFO 83718 --- [           main] com.test.springbdd.RoomController        : Received request to change room type
2024-04-17 15:29:17.454  INFO 83718 --- [           main] com.test.springbdd.RoomController        : Received request for room type: individual
  &amp#27;[32mWhen &amp#27;[0m&amp#27;[32mthe admin calls /changeRoomtype with type = &amp#27;[0m&amp#27;[32m&amp#27;[1m"individual"&amp#27;[0m &amp#27;[90m# com.test.springbdd.changeRoomtypeStepDefinition.the_admin_calls_changeRoomtype(java.lang.String)&amp#27;[0m
  &amp#27;[32mThen &amp#27;[0m&amp#27;[32mprompt appears to change room type with status &amp#27;[0m&amp#27;[32m&amp#27;[1m200&amp#27;[0m       &amp#27;[90m# com.test.springbdd.changeRoomtypeStepDefinition.prompt(java.lang.Integer)&amp#27;[0m
  &amp#27;[31mAnd &amp#27;[0m&amp#27;[31mhe receives the room with type &amp#27;[0m&amp#27;[31m&amp#27;[1m"double"&amp#27;[0m                   &amp#27;[90m# com.test.springbdd.changeRoomtypeStepDefinition.then_he_receives_room_with_type(java.lang.String)&amp#27;[0m
      &amp#27;[31mjava.lang.AssertionError: JSON path "type" expected:<double> but was:<individual>
	at org.springframework.test.util.AssertionErrors.fail(AssertionErrors.java:59)
	at org.springframework.test.util.AssertionErrors.assertEquals(AssertionErrors.java:122)
	at org.springframework.test.util.JsonPathExpectationsHelper.assertValue(JsonPathExpectationsHelper.java:116)
	at org.springframework.test.web.servlet.result.JsonPathResultMatchers.lambda$value$2(JsonPathResultMatchers.java:111)
	at org.springframework.test.web.servlet.MockMvc$1.andExpect(MockMvc.java:196)
	at com.test.springbdd.changeRoomtypeStepDefinition.then_he_receives_room_with_type(changeRoomtypeStepDefinition.java:44)
	at ✽.he receives the room with type "double"(file:///home/mike/Documents/Universidade%C3%89vora/EngenhariaSoftware/spring-bdd/src/test/resources/changeRoomtype.feature:8)
&amp#27;[0m
]]></system-out>
  </testcase>
  <testcase name="change room type from type1 to type2 #2" classname="com.test.springbdd.CucumberTest" time="0.045">
    <failure message="JSON path &quot;type&quot; expected:&lt;suite&gt; but was:&lt;double&gt;" type="java.lang.AssertionError"><![CDATA[java.lang.AssertionError: JSON path "type" expected:<suite> but was:<double>
]]></failure>
    <system-out><![CDATA[2024-04-17 15:29:17.506  INFO 83718 --- [           main] .b.t.c.SpringBootTestContextBootstrapper : Neither @ContextConfiguration nor @ContextHierarchy found for test class [com.test.springbdd.StepDefinition], using SpringBootContextLoader
2024-04-17 15:29:17.507  INFO 83718 --- [           main] o.s.t.c.support.AbstractContextLoader    : Could not detect default resource locations for test class [com.test.springbdd.StepDefinition]: no resource found for suffixes {-context.xml, Context.groovy}.
2024-04-17 15:29:17.515  INFO 83718 --- [           main] .b.t.c.SpringBootTestContextBootstrapper : Loaded default TestExecutionListener class names from location [META-INF/spring.factories]: [org.springframework.boot.test.mock.mockito.MockitoTestExecutionListener, org.springframework.boot.test.mock.mockito.ResetMocksTestExecutionListener, org.springframework.boot.test.autoconfigure.restdocs.RestDocsTestExecutionListener, org.springframework.boot.test.autoconfigure.web.client.MockRestServiceServerResetTestExecutionListener, org.springframework.boot.test.autoconfigure.web.servlet.MockMvcPrintOnlyOnFailureTestExecutionListener, org.springframework.boot.test.autoconfigure.web.servlet.WebDriverTestExecutionListener, org.springframework.test.context.web.ServletTestExecutionListener, org.springframework.test.context.support.DirtiesContextBeforeModesTestExecutionListener, org.springframework.test.context.support.DependencyInjectionTestExecutionListener, org.springframework.test.context.support.DirtiesContextTestExecutionListener, org.springframework.test.context.transaction.TransactionalTestExecutionListener, org.springframework.test.context.jdbc.SqlScriptsTestExecutionListener, org.springframework.test.context.event.EventPublishingTestExecutionListener]
2024-04-17 15:29:17.516  INFO 83718 --- [           main] .b.t.c.SpringBootTestContextBootstrapper : Using TestExecutionListeners: [org.springframework.test.context.web.ServletTestExecutionListener@561f9d92, org.springframework.test.context.support.DirtiesContextBeforeModesTestExecutionListener@1c84d80a, org.springframework.boot.test.mock.mockito.MockitoTestExecutionListener@7ceb6c45, org.springframework.boot.test.autoconfigure.SpringBootDependencyInjectionTestExecutionListener@629075f4, org.springframework.test.context.support.DirtiesContextTestExecutionListener@48499739, org.springframework.test.context.event.EventPublishingTestExecutionListener@723742b2, org.springframework.boot.test.mock.mockito.ResetMocksTestExecutionListener@559991f5, org.springframework.boot.test.autoconfigure.restdocs.RestDocsTestExecutionListener@34c76167, org.springframework.boot.test.autoconfigure.web.client.MockRestServiceServerResetTestExecutionListener@30b3d899, org.springframework.boot.test.autoconfigure.web.servlet.MockMvcPrintOnlyOnFailureTestExecutionListener@78d92eef, org.springframework.boot.test.autoconfigure.web.servlet.WebDriverTestExecutionListener@61d60e38]

Scenario Outline: change room type from type1 to type2      &amp#27;[90m# ///home/mike/Documents/UniversidadeÉvora/EngenhariaSoftware/spring-bdd/src/test/resources/changeRoomtype.feature:13&amp#27;[0m
2024-04-17 15:29:17.532  INFO 83718 --- [           main] com.test.springbdd.RoomController        : Received request to change room type
2024-04-17 15:29:17.533  INFO 83718 --- [           main] com.test.springbdd.RoomController        : Received request for room type: double
  &amp#27;[32mWhen &amp#27;[0m&amp#27;[32mthe admin calls /changeRoomtype with type = &amp#27;[0m&amp#27;[32m&amp#27;[1m"double"&amp#27;[0m &amp#27;[90m# com.test.springbdd.changeRoomtypeStepDefinition.the_admin_calls_changeRoomtype(java.lang.String)&amp#27;[0m
  &amp#27;[32mThen &amp#27;[0m&amp#27;[32mprompt appears to change room type with status &amp#27;[0m&amp#27;[32m&amp#27;[1m200&amp#27;[0m   &amp#27;[90m# com.test.springbdd.changeRoomtypeStepDefinition.prompt(java.lang.Integer)&amp#27;[0m
  &amp#27;[31mAnd &amp#27;[0m&amp#27;[31mhe receives the room with type &amp#27;[0m&amp#27;[31m&amp#27;[1m"suite"&amp#27;[0m                &amp#27;[90m# com.test.springbdd.changeRoomtypeStepDefinition.then_he_receives_room_with_type(java.lang.String)&amp#27;[0m
      &amp#27;[31mjava.lang.AssertionError: JSON path "type" expected:<suite> but was:<double>
	at org.springframework.test.util.AssertionErrors.fail(AssertionErrors.java:59)
	at org.springframework.test.util.AssertionErrors.assertEquals(AssertionErrors.java:122)
	at org.springframework.test.util.JsonPathExpectationsHelper.assertValue(JsonPathExpectationsHelper.java:116)
	at org.springframework.test.web.servlet.result.JsonPathResultMatchers.lambda$value$2(JsonPathResultMatchers.java:111)
	at org.springframework.test.web.servlet.MockMvc$1.andExpect(MockMvc.java:196)
	at com.test.springbdd.changeRoomtypeStepDefinition.then_he_receives_room_with_type(changeRoomtypeStepDefinition.java:44)
	at ✽.he receives the room with type "suite"(file:///home/mike/Documents/Universidade%C3%89vora/EngenhariaSoftware/spring-bdd/src/test/resources/changeRoomtype.feature:8)
&amp#27;[0m
]]></system-out>
  </testcase>
  <testcase name="change room type from type1 to type2 #3" classname="com.test.springbdd.CucumberTest" time="0.063">
    <failure message="JSON path &quot;type&quot; expected:&lt;individual&gt; but was:&lt;suite&gt;" type="java.lang.AssertionError"><![CDATA[java.lang.AssertionError: JSON path "type" expected:<individual> but was:<suite>
]]></failure>
    <system-out><![CDATA[2024-04-17 15:29:17.555  INFO 83718 --- [           main] .b.t.c.SpringBootTestContextBootstrapper : Neither @ContextConfiguration nor @ContextHierarchy found for test class [com.test.springbdd.StepDefinition], using SpringBootContextLoader
2024-04-17 15:29:17.556  INFO 83718 --- [           main] o.s.t.c.support.AbstractContextLoader    : Could not detect default resource locations for test class [com.test.springbdd.StepDefinition]: no resource found for suffixes {-context.xml, Context.groovy}.
2024-04-17 15:29:17.560  INFO 83718 --- [           main] .b.t.c.SpringBootTestContextBootstrapper : Loaded default TestExecutionListener class names from location [META-INF/spring.factories]: [org.springframework.boot.test.mock.mockito.MockitoTestExecutionListener, org.springframework.boot.test.mock.mockito.ResetMocksTestExecutionListener, org.springframework.boot.test.autoconfigure.restdocs.RestDocsTestExecutionListener, org.springframework.boot.test.autoconfigure.web.client.MockRestServiceServerResetTestExecutionListener, org.springframework.boot.test.autoconfigure.web.servlet.MockMvcPrintOnlyOnFailureTestExecutionListener, org.springframework.boot.test.autoconfigure.web.servlet.WebDriverTestExecutionListener, org.springframework.test.context.web.ServletTestExecutionListener, org.springframework.test.context.support.DirtiesContextBeforeModesTestExecutionListener, org.springframework.test.context.support.DependencyInjectionTestExecutionListener, org.springframework.test.context.support.DirtiesContextTestExecutionListener, org.springframework.test.context.transaction.TransactionalTestExecutionListener, org.springframework.test.context.jdbc.SqlScriptsTestExecutionListener, org.springframework.test.context.event.EventPublishingTestExecutionListener]
2024-04-17 15:29:17.562  INFO 83718 --- [           main] .b.t.c.SpringBootTestContextBootstrapper : Using TestExecutionListeners: [org.springframework.test.context.web.ServletTestExecutionListener@454bcbbf, org.springframework.test.context.support.DirtiesContextBeforeModesTestExecutionListener@2c9fdb64, org.springframework.boot.test.mock.mockito.MockitoTestExecutionListener@27e199ce, org.springframework.boot.test.autoconfigure.SpringBootDependencyInjectionTestExecutionListener@1c3b6963, org.springframework.test.context.support.DirtiesContextTestExecutionListener@7364f68, org.springframework.test.context.event.EventPublishingTestExecutionListener@55a0f011, org.springframework.boot.test.mock.mockito.ResetMocksTestExecutionListener@7ea42c82, org.springframework.boot.test.autoconfigure.restdocs.RestDocsTestExecutionListener@39133244, org.springframework.boot.test.autoconfigure.web.client.MockRestServiceServerResetTestExecutionListener@ceb7701, org.springframework.boot.test.autoconfigure.web.servlet.MockMvcPrintOnlyOnFailureTestExecutionListener@5e193ef5, org.springframework.boot.test.autoconfigure.web.servlet.WebDriverTestExecutionListener@106c988]

Scenario Outline: change room type from type1 to type2     &amp#27;[90m# ///home/mike/Documents/UniversidadeÉvora/EngenhariaSoftware/spring-bdd/src/test/resources/changeRoomtype.feature:14&amp#27;[0m
2024-04-17 15:29:17.584  INFO 83718 --- [           main] com.test.springbdd.RoomController        : Received request to change room type
2024-04-17 15:29:17.584  INFO 83718 --- [           main] com.test.springbdd.RoomController        : Received request for room type: suite
  &amp#27;[32mWhen &amp#27;[0m&amp#27;[32mthe admin calls /changeRoomtype with type = &amp#27;[0m&amp#27;[32m&amp#27;[1m"suite"&amp#27;[0m &amp#27;[90m# com.test.springbdd.changeRoomtypeStepDefinition.the_admin_calls_changeRoomtype(java.lang.String)&amp#27;[0m
  &amp#27;[32mThen &amp#27;[0m&amp#27;[32mprompt appears to change room type with status &amp#27;[0m&amp#27;[32m&amp#27;[1m200&amp#27;[0m  &amp#27;[90m# com.test.springbdd.changeRoomtypeStepDefinition.prompt(java.lang.Integer)&amp#27;[0m
  &amp#27;[31mAnd &amp#27;[0m&amp#27;[31mhe receives the room with type &amp#27;[0m&amp#27;[31m&amp#27;[1m"individual"&amp#27;[0m          &amp#27;[90m# com.test.springbdd.changeRoomtypeStepDefinition.then_he_receives_room_with_type(java.lang.String)&amp#27;[0m
      &amp#27;[31mjava.lang.AssertionError: JSON path "type" expected:<individual> but was:<suite>
	at org.springframework.test.util.AssertionErrors.fail(AssertionErrors.java:59)
	at org.springframework.test.util.AssertionErrors.assertEquals(AssertionErrors.java:122)
	at org.springframework.test.util.JsonPathExpectationsHelper.assertValue(JsonPathExpectationsHelper.java:116)
	at org.springframework.test.web.servlet.result.JsonPathResultMatchers.lambda$value$2(JsonPathResultMatchers.java:111)
	at org.springframework.test.web.servlet.MockMvc$1.andExpect(MockMvc.java:196)
	at com.test.springbdd.changeRoomtypeStepDefinition.then_he_receives_room_with_type(changeRoomtypeStepDefinition.java:44)
	at ✽.he receives the room with type "individual"(file:///home/mike/Documents/Universidade%C3%89vora/EngenhariaSoftware/spring-bdd/src/test/resources/changeRoomtype.feature:8)
&amp#27;[0m
]]></system-out>
  </testcase>
  <testcase name="change room type from type1 to type2 #4" classname="com.test.springbdd.CucumberTest" time="0.115">
    <failure message="JSON path &quot;type&quot; expected:&lt;individual&gt; but was:&lt;double&gt;" type="java.lang.AssertionError"><![CDATA[java.lang.AssertionError: JSON path "type" expected:<individual> but was:<double>
]]></failure>
    <system-out><![CDATA[2024-04-17 15:29:17.629  INFO 83718 --- [           main] .b.t.c.SpringBootTestContextBootstrapper : Neither @ContextConfiguration nor @ContextHierarchy found for test class [com.test.springbdd.StepDefinition], using SpringBootContextLoader
2024-04-17 15:29:17.630  INFO 83718 --- [           main] o.s.t.c.support.AbstractContextLoader    : Could not detect default resource locations for test class [com.test.springbdd.StepDefinition]: no resource found for suffixes {-context.xml, Context.groovy}.
2024-04-17 15:29:17.632  INFO 83718 --- [           main] .b.t.c.SpringBootTestContextBootstrapper : Loaded default TestExecutionListener class names from location [META-INF/spring.factories]: [org.springframework.boot.test.mock.mockito.MockitoTestExecutionListener, org.springframework.boot.test.mock.mockito.ResetMocksTestExecutionListener, org.springframework.boot.test.autoconfigure.restdocs.RestDocsTestExecutionListener, org.springframework.boot.test.autoconfigure.web.client.MockRestServiceServerResetTestExecutionListener, org.springframework.boot.test.autoconfigure.web.servlet.MockMvcPrintOnlyOnFailureTestExecutionListener, org.springframework.boot.test.autoconfigure.web.servlet.WebDriverTestExecutionListener, org.springframework.test.context.web.ServletTestExecutionListener, org.springframework.test.context.support.DirtiesContextBeforeModesTestExecutionListener, org.springframework.test.context.support.DependencyInjectionTestExecutionListener, org.springframework.test.context.support.DirtiesContextTestExecutionListener, org.springframework.test.context.transaction.TransactionalTestExecutionListener, org.springframework.test.context.jdbc.SqlScriptsTestExecutionListener, org.springframework.test.context.event.EventPublishingTestExecutionListener]
2024-04-17 15:29:17.634  INFO 83718 --- [           main] .b.t.c.SpringBootTestContextBootstrapper : Using TestExecutionListeners: [org.springframework.test.context.web.ServletTestExecutionListener@788e3702, org.springframework.test.context.support.DirtiesContextBeforeModesTestExecutionListener@d25e878, org.springframework.boot.test.mock.mockito.MockitoTestExecutionListener@47187f50, org.springframework.boot.test.autoconfigure.SpringBootDependencyInjectionTestExecutionListener@78116659, org.springframework.test.context.support.DirtiesContextTestExecutionListener@712e787e, org.springframework.test.context.event.EventPublishingTestExecutionListener@53ea380b, org.springframework.boot.test.mock.mockito.ResetMocksTestExecutionListener@578c3fd9, org.springframework.boot.test.autoconfigure.restdocs.RestDocsTestExecutionListener@245cb8df, org.springframework.boot.test.autoconfigure.web.client.MockRestServiceServerResetTestExecutionListener@26b3c9a2, org.springframework.boot.test.autoconfigure.web.servlet.MockMvcPrintOnlyOnFailureTestExecutionListener@241b971f, org.springframework.boot.test.autoconfigure.web.servlet.WebDriverTestExecutionListener@125f16b2]

Scenario Outline: change room type from type1 to type2      &amp#27;[90m# ///home/mike/Documents/UniversidadeÉvora/EngenhariaSoftware/spring-bdd/src/test/resources/changeRoomtype.feature:15&amp#27;[0m
2024-04-17 15:29:17.712  INFO 83718 --- [           main] com.test.springbdd.RoomController        : Received request to change room type
2024-04-17 15:29:17.713  INFO 83718 --- [           main] com.test.springbdd.RoomController        : Received request for room type: double
  &amp#27;[32mWhen &amp#27;[0m&amp#27;[32mthe admin calls /changeRoomtype with type = &amp#27;[0m&amp#27;[32m&amp#27;[1m"double"&amp#27;[0m &amp#27;[90m# com.test.springbdd.changeRoomtypeStepDefinition.the_admin_calls_changeRoomtype(java.lang.String)&amp#27;[0m
  &amp#27;[32mThen &amp#27;[0m&amp#27;[32mprompt appears to change room type with status &amp#27;[0m&amp#27;[32m&amp#27;[1m200&amp#27;[0m   &amp#27;[90m# com.test.springbdd.changeRoomtypeStepDefinition.prompt(java.lang.Integer)&amp#27;[0m
  &amp#27;[31mAnd &amp#27;[0m&amp#27;[31mhe receives the room with type &amp#27;[0m&amp#27;[31m&amp#27;[1m"individual"&amp#27;[0m           &amp#27;[90m# com.test.springbdd.changeRoomtypeStepDefinition.then_he_receives_room_with_type(java.lang.String)&amp#27;[0m
      &amp#27;[31mjava.lang.AssertionError: JSON path "type" expected:<individual> but was:<double>
	at org.springframework.test.util.AssertionErrors.fail(AssertionErrors.java:59)
	at org.springframework.test.util.AssertionErrors.assertEquals(AssertionErrors.java:122)
	at org.springframework.test.util.JsonPathExpectationsHelper.assertValue(JsonPathExpectationsHelper.java:116)
	at org.springframework.test.web.servlet.result.JsonPathResultMatchers.lambda$value$2(JsonPathResultMatchers.java:111)
	at org.springframework.test.web.servlet.MockMvc$1.andExpect(MockMvc.java:196)
	at com.test.springbdd.changeRoomtypeStepDefinition.then_he_receives_room_with_type(changeRoomtypeStepDefinition.java:44)
	at ✽.he receives the room with type "individual"(file:///home/mike/Documents/Universidade%C3%89vora/EngenhariaSoftware/spring-bdd/src/test/resources/changeRoomtype.feature:8)
&amp#27;[0m
]]></system-out>
  </testcase>
  <testcase name="change room type from type1 to type2 #5" classname="com.test.springbdd.CucumberTest" time="0.044">
    <failure message="JSON path &quot;type&quot; expected:&lt;double&gt; but was:&lt;suite&gt;" type="java.lang.AssertionError"><![CDATA[java.lang.AssertionError: JSON path "type" expected:<double> but was:<suite>
]]></failure>
    <system-out><![CDATA[2024-04-17 15:29:17.732  INFO 83718 --- [           main] .b.t.c.SpringBootTestContextBootstrapper : Neither @ContextConfiguration nor @ContextHierarchy found for test class [com.test.springbdd.StepDefinition], using SpringBootContextLoader
2024-04-17 15:29:17.733  INFO 83718 --- [           main] o.s.t.c.support.AbstractContextLoader    : Could not detect default resource locations for test class [com.test.springbdd.StepDefinition]: no resource found for suffixes {-context.xml, Context.groovy}.
2024-04-17 15:29:17.753  INFO 83718 --- [           main] .b.t.c.SpringBootTestContextBootstrapper : Loaded default TestExecutionListener class names from location [META-INF/spring.factories]: [org.springframework.boot.test.mock.mockito.MockitoTestExecutionListener, org.springframework.boot.test.mock.mockito.ResetMocksTestExecutionListener, org.springframework.boot.test.autoconfigure.restdocs.RestDocsTestExecutionListener, org.springframework.boot.test.autoconfigure.web.client.MockRestServiceServerResetTestExecutionListener, org.springframework.boot.test.autoconfigure.web.servlet.MockMvcPrintOnlyOnFailureTestExecutionListener, org.springframework.boot.test.autoconfigure.web.servlet.WebDriverTestExecutionListener, org.springframework.test.context.web.ServletTestExecutionListener, org.springframework.test.context.support.DirtiesContextBeforeModesTestExecutionListener, org.springframework.test.context.support.DependencyInjectionTestExecutionListener, org.springframework.test.context.support.DirtiesContextTestExecutionListener, org.springframework.test.context.transaction.TransactionalTestExecutionListener, org.springframework.test.context.jdbc.SqlScriptsTestExecutionListener, org.springframework.test.context.event.EventPublishingTestExecutionListener]
2024-04-17 15:29:17.755  INFO 83718 --- [           main] .b.t.c.SpringBootTestContextBootstrapper : Using TestExecutionListeners: [org.springframework.test.context.web.ServletTestExecutionListener@19a5b637, org.springframework.test.context.support.DirtiesContextBeforeModesTestExecutionListener@4f3c7808, org.springframework.boot.test.mock.mockito.MockitoTestExecutionListener@4b4969ea, org.springframework.boot.test.autoconfigure.SpringBootDependencyInjectionTestExecutionListener@11c581a0, org.springframework.test.context.support.DirtiesContextTestExecutionListener@256589a1, org.springframework.test.context.event.EventPublishingTestExecutionListener@935493d, org.springframework.boot.test.mock.mockito.ResetMocksTestExecutionListener@9b367c8, org.springframework.boot.test.autoconfigure.restdocs.RestDocsTestExecutionListener@34c62fdf, org.springframework.boot.test.autoconfigure.web.client.MockRestServiceServerResetTestExecutionListener@3de79067, org.springframework.boot.test.autoconfigure.web.servlet.MockMvcPrintOnlyOnFailureTestExecutionListener@1eb85a47, org.springframework.boot.test.autoconfigure.web.servlet.WebDriverTestExecutionListener@ca7e37f]

Scenario Outline: change room type from type1 to type2     &amp#27;[90m# ///home/mike/Documents/UniversidadeÉvora/EngenhariaSoftware/spring-bdd/src/test/resources/changeRoomtype.feature:16&amp#27;[0m
2024-04-17 15:29:17.768  INFO 83718 --- [           main] com.test.springbdd.RoomController        : Received request to change room type
2024-04-17 15:29:17.769  INFO 83718 --- [           main] com.test.springbdd.RoomController        : Received request for room type: suite
  &amp#27;[32mWhen &amp#27;[0m&amp#27;[32mthe admin calls /changeRoomtype with type = &amp#27;[0m&amp#27;[32m&amp#27;[1m"suite"&amp#27;[0m &amp#27;[90m# com.test.springbdd.changeRoomtypeStepDefinition.the_admin_calls_changeRoomtype(java.lang.String)&amp#27;[0m
  &amp#27;[32mThen &amp#27;[0m&amp#27;[32mprompt appears to change room type with status &amp#27;[0m&amp#27;[32m&amp#27;[1m200&amp#27;[0m  &amp#27;[90m# com.test.springbdd.changeRoomtypeStepDefinition.prompt(java.lang.Integer)&amp#27;[0m
  &amp#27;[31mAnd &amp#27;[0m&amp#27;[31mhe receives the room with type &amp#27;[0m&amp#27;[31m&amp#27;[1m"double"&amp#27;[0m              &amp#27;[90m# com.test.springbdd.changeRoomtypeStepDefinition.then_he_receives_room_with_type(java.lang.String)&amp#27;[0m
      &amp#27;[31mjava.lang.AssertionError: JSON path "type" expected:<double> but was:<suite>
	at org.springframework.test.util.AssertionErrors.fail(AssertionErrors.java:59)
	at org.springframework.test.util.AssertionErrors.assertEquals(AssertionErrors.java:122)
	at org.springframework.test.util.JsonPathExpectationsHelper.assertValue(JsonPathExpectationsHelper.java:116)
	at org.springframework.test.web.servlet.result.JsonPathResultMatchers.lambda$value$2(JsonPathResultMatchers.java:111)
	at org.springframework.test.web.servlet.MockMvc$1.andExpect(MockMvc.java:196)
	at com.test.springbdd.changeRoomtypeStepDefinition.then_he_receives_room_with_type(changeRoomtypeStepDefinition.java:44)
	at ✽.he receives the room with type "double"(file:///home/mike/Documents/Universidade%C3%89vora/EngenhariaSoftware/spring-bdd/src/test/resources/changeRoomtype.feature:8)
&amp#27;[0m
]]></system-out>
  </testcase>
  <testcase name="get room with a type #1" classname="com.test.springbdd.CucumberTest" time="0.026"/>
  <testcase name="get room with a type #2" classname="com.test.springbdd.CucumberTest" time="0.027"/>
  <testcase name="get room with a type #3" classname="com.test.springbdd.CucumberTest" time="0.019"/>
</testsuite>